<?xml version="1.0" encoding="UTF-8"?>
<!-- Generated by org.testng.reporters.JUnitReportReporter -->
<testsuite hostname="DESKTOP-HKBQ6K6" failures="0" tests="1" name="prac.ClearTrip" time="24.934" errors="0" timestamp="2021-11-09T14:38:32 IST" skipped="0">
  <testcase classname="prac.ClearTrip" name="bookticket" time="24.934"/>
  <system-out/>
</testsuite> <!-- prac.ClearTrip -->
