<?xml version="1.0" encoding="UTF-8"?>
<!-- Generated by org.testng.reporters.JUnitReportReporter -->
<testsuite hostname="DESKTOP-HKBQ6K6" failures="0" tests="1" name="db_practice.XmldataDriven" time="0.013" errors="0" timestamp="2021-10-28T13:45:42 IST" skipped="0">
  <testcase classname="db_practice.XmldataDriven" name="CreateOrgwithIndustry" time="0.013"/>
  <system-out/>
</testsuite> <!-- db_practice.XmldataDriven -->
