<?xml version="1.0" encoding="UTF-8"?>
<!-- Generated by org.testng.reporters.JUnitReportReporter -->
<testsuite hostname="DESKTOP-HKBQ6K6" failures="0" tests="1" name="db_practice.sc1" time="17.628" errors="0" timestamp="2021-10-27T13:10:49 IST" skipped="0">
  <testcase classname="db_practice.sc1" name="tc1" time="17.628"/>
  <system-out>
    <![CDATA[Project has been Created
----------closed-------]]>
  </system-out>
</testsuite> <!-- db_practice.sc1 -->
