<?xml version="1.0" encoding="UTF-8"?>
<!-- Generated by org.testng.reporters.JUnitReportReporter -->
<testsuite hostname="DESKTOP-HKBQ6K6" failures="0" tests="1" name="prac.xml" time="31.680" errors="0" timestamp="2021-10-28T20:53:22 IST" skipped="0">
  <testcase classname="prac.xml" name="tc1" time="31.680"/>
  <system-out/>
</testsuite> <!-- prac.xml -->
