<?xml version="1.0" encoding="UTF-8"?>
<!-- Generated by org.testng.reporters.JUnitReportReporter -->
<testsuite hostname="DESKTOP-HKBQ6K6" failures="0" tests="1" name="prac.BookforfutureMMT" time="22.200" errors="0" timestamp="2021-11-09T14:47:01 IST" skipped="0">
  <testcase classname="prac.BookforfutureMMT" name="bookfuturemmt" time="22.200"/>
  <system-out/>
</testsuite> <!-- prac.BookforfutureMMT -->
