<?xml version="1.0" encoding="UTF-8"?>
<!-- Generated by org.testng.reporters.JUnitReportReporter -->
<testsuite hostname="DESKTOP-HKBQ6K6" failures="0" tests="1" name="com.crm.comcast.CreateOrganizationPom.CreateOrgWithIndustry_TypeTest" time="34.082" errors="0" timestamp="2021-11-02T23:17:20 IST" skipped="0">
  <testcase classname="com.crm.comcast.CreateOrganizationPom.CreateOrgWithIndustry_TypeTest" name="CreateOrganization" time="34.082"/>
  <system-out/>
</testsuite> <!-- com.crm.comcast.CreateOrganizationPom.CreateOrgWithIndustry_TypeTest -->
