<?xml version="1.0" encoding="UTF-8"?>
<!-- Generated by org.testng.reporters.JUnitReportReporter -->
<testsuite hostname="DESKTOP-HKBQ6K6" failures="0" tests="1" name="com.crm.comcast.CreateOrganizationTest.CreateOrganizationPropertyExelTest" time="31.163" errors="0" timestamp="2021-10-29T17:53:33 IST" skipped="0">
  <testcase classname="com.crm.comcast.CreateOrganizationTest.CreateOrganizationPropertyExelTest" name="CreateOrgTest" time="31.163"/>
  <system-out/>
</testsuite> <!-- com.crm.comcast.CreateOrganizationTest.CreateOrganizationPropertyExelTest -->
