<?xml version="1.0" encoding="UTF-8"?>
<!-- Generated by org.testng.reporters.JUnitReportReporter -->
<testsuite hostname="DESKTOP-HKBQ6K6" failures="0" tests="1" name="prac.HandlingDynamicWebTable" time="19.140" errors="0" timestamp="2021-11-09T15:56:03 IST" skipped="0">
  <testcase classname="prac.HandlingDynamicWebTable" name="HandlingDynamicWebTable" time="19.140"/>
  <system-out/>
</testsuite> <!-- prac.HandlingDynamicWebTable -->
