<?xml version="1.0" encoding="UTF-8"?>
<!-- Generated by org.testng.reporters.JUnitReportReporter -->
<testsuite hostname="DESKTOP-HKBQ6K6" failures="0" tests="1" name="prac.BookTicketOnMakeMyTrip" time="15.377" errors="0" timestamp="2021-11-09T13:54:40 IST" skipped="0">
  <testcase classname="prac.BookTicketOnMakeMyTrip" name="bookTicket" time="15.377"/>
  <system-out/>
</testsuite> <!-- prac.BookTicketOnMakeMyTrip -->
