<?xml version="1.0" encoding="UTF-8"?>
<!-- Generated by org.testng.reporters.JUnitReportReporter -->
<testsuite hostname="DESKTOP-HKBQ6K6" failures="0" tests="1" name="com.crm.comcast.CreateContactTest.CreateContactTest" time="51.100" errors="0" timestamp="2021-11-02T16:25:58 IST" skipped="0">
  <testcase classname="com.crm.comcast.CreateContactTest.CreateContactTest" name="createcontact" time="51.100"/>
  <system-out/>
</testsuite> <!-- com.crm.comcast.CreateContactTest.CreateContactTest -->
