<?xml version="1.0" encoding="UTF-8"?>
<!-- Generated by org.testng.reporters.JUnitReportReporter -->
<testsuite hostname="DESKTOP-HKBQ6K6" failures="0" tests="1" name="db_practice.s" time="18.885" errors="0" timestamp="2021-10-27T14:24:41 IST" skipped="0">
  <testcase classname="db_practice.s" name="tc1" time="18.885"/>
  <system-out>
    <![CDATA[Project has been Created
----------closed-------]]>
  </system-out>
</testsuite> <!-- db_practice.s -->
