<?xml version="1.0" encoding="UTF-8"?>
<!-- Generated by org.testng.reporters.JUnitReportReporter -->
<testsuite hostname="DESKTOP-HKBQ6K6" failures="0" tests="2" name="com.crm.comcast.CreateOrganizationPom.CreateContactwithBaseTest" time="78.775" errors="0" timestamp="2021-11-08T12:28:34 IST" skipped="0">
  <testcase classname="com.crm.comcast.CreateOrganizationPom.CreateContactwithBaseTest" name="CreateOrganization" time="42.169"/>
  <system-out/>
  <testcase classname="com.crm.comcast.CreateOrganizationPom.CreateContactwithBaseTest" name="createcontact" time="36.606"/>
  <system-out/>
</testsuite> <!-- com.crm.comcast.CreateOrganizationPom.CreateContactwithBaseTest -->
