<?xml version="1.0" encoding="UTF-8"?>
<!-- Generated by org.testng.reporters.JUnitReportReporter -->
<testsuite hostname="DESKTOP-HKBQ6K6" failures="0" tests="1" name="com.crm.comcast.CreateOrganizationPom.CreateOrganizationTest" time="22.431" errors="0" timestamp="2021-11-03T10:42:58 IST" skipped="0">
  <testcase classname="com.crm.comcast.CreateOrganizationPom.CreateOrganizationTest" name="CreateOrganization" time="22.431"/>
  <system-out/>
</testsuite> <!-- com.crm.comcast.CreateOrganizationPom.CreateOrganizationTest -->
